<?xml version="1.0" encoding="UTF-8"?>
<testsuites>
  <testsuite name="" tests="17" assertions="42" errors="0" warnings="0" failures="1" skipped="0" time="0.272202">
    <testsuite name="Project Test Suite" tests="17" assertions="42" errors="0" warnings="0" failures="1" skipped="0" time="0.272202">
      <testsuite name="App\Tests\Authentication\AuthenticationEmailTest" file="/Users/macbook/workspace/immo-app/backend/tests/Authentication/AuthenticationEmailTest.php" tests="6" assertions="20" errors="0" warnings="0" failures="0" skipped="0" time="0.174534">
        <testcase name="userShouldAuthenticateWithEmail" class="App\Tests\Authentication\AuthenticationEmailTest" classname="App.Tests.Authentication.AuthenticationEmailTest" file="/Users/macbook/workspace/immo-app/backend/tests/Authentication/AuthenticationEmailTest.php" line="23" assertions="10" time="0.146823"/>
        <testcase name="userShouldAuthenticateWithEmailAndAgency" class="App\Tests\Authentication\AuthenticationEmailTest" classname="App.Tests.Authentication.AuthenticationEmailTest" file="/Users/macbook/workspace/immo-app/backend/tests/Authentication/AuthenticationEmailTest.php" line="41" assertions="2" time="0.010052"/>
        <testcase name="userShouldNotAuthenticateWithInvalidCredentials" class="App\Tests\Authentication\AuthenticationEmailTest" classname="App.Tests.Authentication.AuthenticationEmailTest" file="/Users/macbook/workspace/immo-app/backend/tests/Authentication/AuthenticationEmailTest.php" line="56" assertions="2" time="0.008234"/>
        <testcase name="userShouldNotAuthenticateIfInactive" class="App\Tests\Authentication\AuthenticationEmailTest" classname="App.Tests.Authentication.AuthenticationEmailTest" file="/Users/macbook/workspace/immo-app/backend/tests/Authentication/AuthenticationEmailTest.php" line="73" assertions="2" time="0.003506"/>
        <testcase name="userShouldNotAuthenticateIfInactiveAgency" class="App\Tests\Authentication\AuthenticationEmailTest" classname="App.Tests.Authentication.AuthenticationEmailTest" file="/Users/macbook/workspace/immo-app/backend/tests/Authentication/AuthenticationEmailTest.php" line="89" assertions="2" time="0.003062"/>
        <testcase name="userShouldNotAuthenticateIfEmailNotValidate" class="App\Tests\Authentication\AuthenticationEmailTest" classname="App.Tests.Authentication.AuthenticationEmailTest" file="/Users/macbook/workspace/immo-app/backend/tests/Authentication/AuthenticationEmailTest.php" line="105" assertions="2" time="0.002857"/>
      </testsuite>
      <testsuite name="App\Tests\Authentication\AuthenticationPhoneTest" file="/Users/macbook/workspace/immo-app/backend/tests/Authentication/AuthenticationPhoneTest.php" tests="6" assertions="16" errors="0" warnings="0" failures="0" skipped="0" time="0.032546">
        <testcase name="userShouldAuthenticateWithPhone" class="App\Tests\Authentication\AuthenticationPhoneTest" classname="App.Tests.Authentication.AuthenticationPhoneTest" file="/Users/macbook/workspace/immo-app/backend/tests/Authentication/AuthenticationPhoneTest.php" line="23" assertions="6" time="0.012814"/>
        <testcase name="userShouldAuthenticateWithPhoneAndAgency" class="App\Tests\Authentication\AuthenticationPhoneTest" classname="App.Tests.Authentication.AuthenticationPhoneTest" file="/Users/macbook/workspace/immo-app/backend/tests/Authentication/AuthenticationPhoneTest.php" line="42" assertions="2" time="0.005955"/>
        <testcase name="userShouldNotAuthenticateWithInvalidCredentials" class="App\Tests\Authentication\AuthenticationPhoneTest" classname="App.Tests.Authentication.AuthenticationPhoneTest" file="/Users/macbook/workspace/immo-app/backend/tests/Authentication/AuthenticationPhoneTest.php" line="56" assertions="2" time="0.002778"/>
        <testcase name="userShouldNotAuthenticateIfInactive" class="App\Tests\Authentication\AuthenticationPhoneTest" classname="App.Tests.Authentication.AuthenticationPhoneTest" file="/Users/macbook/workspace/immo-app/backend/tests/Authentication/AuthenticationPhoneTest.php" line="73" assertions="2" time="0.002727"/>
        <testcase name="userShouldNotAuthenticateIfInactiveAgency" class="App\Tests\Authentication\AuthenticationPhoneTest" classname="App.Tests.Authentication.AuthenticationPhoneTest" file="/Users/macbook/workspace/immo-app/backend/tests/Authentication/AuthenticationPhoneTest.php" line="89" assertions="2" time="0.004813"/>
        <testcase name="userShouldNotAuthenticateIfPhoneNotValidate" class="App\Tests\Authentication\AuthenticationPhoneTest" classname="App.Tests.Authentication.AuthenticationPhoneTest" file="/Users/macbook/workspace/immo-app/backend/tests/Authentication/AuthenticationPhoneTest.php" line="105" assertions="2" time="0.003460"/>
      </testsuite>
      <testsuite name="App\Tests\Authentication\AuthenticationTest" file="/Users/macbook/workspace/immo-app/backend/tests/Authentication/AuthenticationTest.php" tests="3" assertions="3" errors="0" warnings="0" failures="0" skipped="0" time="0.018394">
        <testcase name="userShouldNotAuthenticateWithNoPhoneNoEmail" class="App\Tests\Authentication\AuthenticationTest" classname="App.Tests.Authentication.AuthenticationTest" file="/Users/macbook/workspace/immo-app/backend/tests/Authentication/AuthenticationTest.php" line="22" assertions="1" time="0.013099"/>
        <testcase name="userShouldNotAuthenticateWithEmailWithoutPassword" class="App\Tests\Authentication\AuthenticationTest" classname="App.Tests.Authentication.AuthenticationTest" file="/Users/macbook/workspace/immo-app/backend/tests/Authentication/AuthenticationTest.php" line="35" assertions="1" time="0.002941"/>
        <testcase name="userShouldNotAuthenticateWithPhoneWithoutPassword" class="App\Tests\Authentication\AuthenticationTest" classname="App.Tests.Authentication.AuthenticationTest" file="/Users/macbook/workspace/immo-app/backend/tests/Authentication/AuthenticationTest.php" line="48" assertions="1" time="0.002354"/>
      </testsuite>
      <testsuite name="App\Tests\Country\ReadTest" file="/Users/macbook/workspace/immo-app/backend/tests/Country/ReadTest.php" tests="2" assertions="3" errors="0" warnings="0" failures="1" skipped="0" time="0.046728">
        <testcase name="anybodyNotAuthenticatedShouldListCountry" class="App\Tests\Country\ReadTest" classname="App.Tests.Country.ReadTest" file="/Users/macbook/workspace/immo-app/backend/tests/Country/ReadTest.php" line="23" assertions="2" time="0.039611"/>
        <testcase name="anybodyNotAuthenticatedShouldGetCountry" class="App\Tests\Country\ReadTest" classname="App.Tests.Country.ReadTest" file="/Users/macbook/workspace/immo-app/backend/tests/Country/ReadTest.php" line="50" assertions="1" time="0.007118">
          <failure type="PHPUnit\Framework\ExpectationFailedException">App\Tests\Country\ReadTest::anybodyNotAuthenticatedShouldGetCountry
Failed asserting that the Response is successful.
HTTP/1.1 404 Not Found&#13;
Cache-Control:          no-cache, private&#13;
Content-Type:           application/ld+json&#13;
Date:                   Fri, 22 Mar 2024 18:57:39 GMT&#13;
Vary:                   Accept&#13;
X-Debug-Exception:      No%20route%20found%20for%20%22GET%20https%3A%2F%2Fapi.my-app.local%3A8000%2Fapi%2Fcountries%2F1%22&#13;
X-Debug-Exception-File: %2FUsers%2Fmacbook%2Fworkspace%2Fimmo-app%2Fbackend%2Fvendor%2Fsymfony%2Fhttp-kernel%2FEventListener%2FRouterListener.php:127&#13;
X-Robots-Tag:           noindex&#13;
&#13;
{"@context":"\/contexts\/Error","@type":"hydra:Error","hydra:title":"An error occurred","hydra:description":"No route found for \u0022GET https:\/\/api.my-app.local:8000\/api\/countries\/1\u0022","trace":[{"namespace":"","short_class":"","class":"","type":"","function":"","file":"\/Users\/macbook\/workspace\/immo-app\/backend\/vendor\/symfony\/http-kernel\/EventListener\/RouterListener.php","line":127,"args":[]},{"namespace":"Symfony\\Component\\HttpKernel\\EventListener","short_class":"RouterListener","class":"Symfony\\Component\\HttpKernel\\EventListener\\RouterListener","type":"-\u003E","function":"onKernelRequest","file":"\/Users\/macbook\/workspace\/immo-app\/backend\/vendor\/symfony\/event-dispatcher\/Debug\/WrappedListener.php","line":116,"args":[["object","Symfony\\Component\\HttpKernel\\Event\\RequestEvent"],["string","kernel.request"],["object","Symfony\\Component\\HttpKernel\\Debug\\TraceableEventDispatcher"]]},{"namespace":"Symfony\\Component\\EventDispatcher\\Debug","short_class":"WrappedListener","class":"Symfony\\Component\\EventDispatcher\\Debug\\WrappedListener","type":"-\u003E","function":"__invoke","file":"\/Users\/macbook\/workspace\/immo-app\/backend\/vendor\/symfony\/event-dispatcher\/EventDispatcher.php","line":206,"args":[["object","Symfony\\Component\\HttpKernel\\Event\\RequestEvent"],["string","kernel.request"],["object","Symfony\\Component\\HttpKernel\\Debug\\TraceableEventDispatcher"]]},{"namespace":"Symfony\\Component\\EventDispatcher","short_class":"EventDispatcher","class":"Symfony\\Component\\EventDispatcher\\EventDispatcher","type":"-\u003E","function":"callListeners","file":"\/Users\/macbook\/workspace\/immo-app\/backend\/vendor\/symfony\/event-dispatcher\/EventDispatcher.php","line":56,"args":[["array",[["object","Symfony\\Component\\EventDispatcher\\Debug\\WrappedListener"],["object","Symfony\\Component\\EventDispatcher\\Debug\\WrappedListener"],["object","Symfony\\Component\\EventDispatcher\\Debug\\WrappedListener"],["object","Symfony\\Component\\EventDispatcher\\Debug\\WrappedListener"],["object","Symfony\\Component\\EventDispatcher\\Debug\\WrappedListener"],["object","Symfony\\Component\\EventDispatcher\\Debug\\WrappedListener"],["object","Symfony\\Component\\EventDispatcher\\Debug\\WrappedListener"],["object","Symfony\\Component\\EventDispatcher\\Debug\\WrappedListener"],["object","Symfony\\Component\\EventDispatcher\\Debug\\WrappedListener"],["object","Symfony\\Component\\EventDispatcher\\Debug\\WrappedListener"],["object","Symfony\\Component\\EventDispatcher\\Debug\\WrappedListener"],["object","Symfony\\Component\\EventDispatcher\\Debug\\WrappedListener"],["object","Symfony\\Component\\EventDispatcher\\Debug\\WrappedListener"],["object","Symfony\\Component\\EventDispatcher\\Debug\\WrappedListener"],["object","Symfony\\Component\\EventDispatcher\\Debug\\WrappedListener"],["object","Symfony\\Component\\EventDispatcher\\Debug\\WrappedListener"],["object","Symfony\\Component\\EventDispatcher\\Debug\\WrappedListener"]]],["string","kernel.request"],["object","Symfony\\Component\\HttpKernel\\Event\\RequestEvent"]]},{"namespace":"Symfony\\Component\\EventDispatcher","short_class":"EventDispatcher","class":"Symfony\\Component\\EventDispatcher\\EventDispatcher","type":"-\u003E","function":"dispatch","file":"\/Users\/macbook\/workspace\/immo-app\/backend\/vendor\/symfony\/event-dispatcher\/Debug\/TraceableEventDispatcher.php","line":127,"args":[["object","Symfony\\Component\\HttpKernel\\Event\\RequestEvent"],["string","kernel.request"]]},{"namespace":"Symfony\\Component\\EventDispatcher\\Debug","short_class":"TraceableEventDispatcher","class":"Symfony\\Component\\EventDispatcher\\Debug\\TraceableEventDispatcher","type":"-\u003E","function":"dispatch","file":"\/Users\/macbook\/workspace\/immo-app\/backend\/vendor\/symfony\/http-kernel\/HttpKernel.php","line":154,"args":[["object","Symfony\\Component\\HttpKernel\\Event\\RequestEvent"],["string","kernel.request"]]},{"namespace":"Symfony\\Component\\HttpKernel","short_class":"HttpKernel","class":"Symfony\\Component\\HttpKernel\\HttpKernel","type":"-\u003E","function":"handleRaw","file":"\/Users\/macbook\/workspace\/immo-app\/backend\/vendor\/symfony\/http-kernel\/HttpKernel.php","line":76,"args":[["object","Symfony\\Component\\HttpFoundation\\Request"],["integer",1]]},{"namespace":"Symfony\\Component\\HttpKernel","short_class":"HttpKernel","class":"Symfony\\Component\\HttpKernel\\HttpKernel","type":"-\u003E","function":"handle","file":"\/Users\/macbook\/workspace\/immo-app\/backend\/vendor\/symfony\/http-kernel\/Kernel.php","line":185,"args":[["object","Symfony\\Component\\HttpFoundation\\Request"],["integer",1],["boolean",true]]},{"namespace":"Symfony\\Component\\HttpKernel","short_class":"Kernel","class":"Symfony\\Component\\HttpKernel\\Kernel","type":"-\u003E","function":"handle","file":"\/Users\/macbook\/workspace\/immo-app\/backend\/vendor\/symfony\/http-kernel\/HttpKernelBrowser.php","line":61,"args":[["object","Symfony\\Component\\HttpFoundation\\Request"],["integer",1],["boolean",true]]},{"namespace":"Symfony\\Component\\HttpKernel","short_class":"HttpKernelBrowser","class":"Symfony\\Component\\HttpKernel\\HttpKernelBrowser","type":"-\u003E","function":"doRequest","file":"\/Users\/macbook\/workspace\/immo-app\/backend\/vendor\/symfony\/framework-bundle\/KernelBrowser.php","line":157,"args":[["object","Symfony\\Component\\HttpFoundation\\Request"]]},{"namespace":"Symfony\\Bundle\\FrameworkBundle","short_class":"KernelBrowser","class":"Symfony\\Bundle\\FrameworkBundle\\KernelBrowser","type":"-\u003E","function":"doRequest","file":"\/Users\/macbook\/workspace\/immo-app\/backend\/vendor\/symfony\/browser-kit\/AbstractBrowser.php","line":369,"args":[["object","Symfony\\Component\\HttpFoundation\\Request"]]},{"namespace":"Symfony\\Component\\BrowserKit","short_class":"AbstractBrowser","class":"Symfony\\Component\\BrowserKit\\AbstractBrowser","type":"-\u003E","function":"request","file":"\/Users\/macbook\/workspace\/immo-app\/backend\/vendor\/api-platform\/core\/src\/Symfony\/Bundle\/Test\/Client.php","line":116,"args":[["string","GET"],["string","https:\/\/api.my-app.local:8000\/api\/countries\/1"],["array",[]],["array",[]],["array",{"HTTP_USER_AGENT":["string","Symfony BrowserKit"],"HTTP_ACCEPT":["string","application\/ld+json"],"HTTP_HOST":["string","api.my-app.local:8000"],"HTTPS":["boolean",true]}],["string",""]]},{"namespace":"ApiPlatform\\Symfony\\Bundle\\Test","short_class":"Client","class":"ApiPlatform\\Symfony\\Bundle\\Test\\Client","type":"-\u003E","function":"request","file":"\/Users\/macbook\/workspace\/immo-app\/backend\/tests\/Country\/ReadTest.php","line":54,"args":[["string","GET"],["array",{"scheme":["string","https:"],"authority":["string","\/\/api.my-app.local:8000"],"path":["string","\/api\/countries\/1"],"query":["null",null],"fragment":["null",null]}]]},{"namespace":"App\\Tests\\Country","short_class":"ReadTest","class":"App\\Tests\\Country\\ReadTest","type":"-\u003E","function":"anybodyNotAuthenticatedShouldGetCountry","file":"\/Users\/macbook\/workspace\/immo-app\/backend\/vendor\/phpunit\/phpunit\/src\/Framework\/TestCase.php","line":1612,"args":[]},{"namespace":"PHPUnit\\Framework","short_class":"TestCase","class":"PHPUnit\\Framework\\TestCase","type":"-\u003E","function":"runTest","file":"\/Users\/macbook\/workspace\/immo-app\/backend\/vendor\/phpunit\/phpunit\/src\/Framework\/TestCase.php","line":1218,"args":[]},{"namespace":"PHPUnit\\Framework","short_class":"TestCase","class":"PHPUnit\\Framework\\TestCase","type":"-\u003E","function":"runBare","file":"\/Users\/macbook\/workspace\/immo-app\/backend\/vendor\/phpunit\/phpunit\/src\/Framework\/TestResult.php","line":728,"args":[]},{"namespace":"PHPUnit\\Framework","short_class":"TestResult","class":"PHPUnit\\Framework\\TestResult","type":"-\u003E","function":"run","file":"\/Users\/macbook\/workspace\/immo-app\/backend\/vendor\/phpunit\/phpunit\/src\/Framework\/TestCase.php","line":968,"args":[["object","App\\Tests\\Country\\ReadTest"]]},{"namespace":"PHPUnit\\Framework","short_class":"TestCase","class":"PHPUnit\\Framework\\TestCase","type":"-\u003E","function":"run","file":"\/Users\/macbook\/workspace\/immo-app\/backend\/vendor\/phpunit\/phpunit\/src\/Framework\/TestSuite.php","line":684,"args":[["object","PHPUnit\\Framework\\TestResult"]]},{"namespace":"PHPUnit\\Framework","short_class":"TestSuite","class":"PHPUnit\\Framework\\TestSuite","type":"-\u003E","function":"run","file":"\/Users\/macbook\/workspace\/immo-app\/backend\/vendor\/phpunit\/phpunit\/src\/Framework\/TestSuite.php","line":684,"args":[["object","PHPUnit\\Framework\\TestResult"]]},{"namespace":"PHPUnit\\Framework","short_class":"TestSuite","class":"PHPUnit\\Framework\\TestSuite","type":"-\u003E","function":"run","file":"\/Users\/macbook\/workspace\/immo-app\/backend\/vendor\/phpunit\/phpunit\/src\/Framework\/TestSuite.php","line":684,"args":[["object","PHPUnit\\Framework\\TestResult"]]},{"namespace":"PHPUnit\\Framework","short_class":"TestSuite","class":"PHPUnit\\Framework\\TestSuite","type":"-\u003E","function":"run","file":"\/Users\/macbook\/workspace\/immo-app\/backend\/vendor\/phpunit\/phpunit\/src\/TextUI\/TestRunner.php","line":651,"args":[["object","PHPUnit\\Framework\\TestResult"]]},{"namespace":"PHPUnit\\TextUI","short_class":"TestRunner","class":"PHPUnit\\TextUI\\TestRunner","type":"-\u003E","function":"run","file":"\/Users\/macbook\/workspace\/immo-app\/backend\/vendor\/phpunit\/phpunit\/src\/TextUI\/Command.php","line":145,"args":[["object","PHPUnit\\Framework\\TestSuite"],["array",{"extensions":["array",[]],"listGroups":["boolean",false],"listSuites":["boolean",false],"listTests":["boolean",false],"listTestsXml":["boolean",false],"loader":["null",null],"useDefaultConfiguration":["boolean",true],"loadedExtensions":["array",[]],"unavailableExtensions":["array",[]],"notLoadedExtensions":["array",[]],"coverageXml":["string","build\/coverage"],"junitLogfile":["string","build\/test\/xunit.xml"],"testSuffixes":["array",[["string","Test.php"],["string",".phpt"]]],"configuration":["string","\/Users\/macbook\/workspace\/immo-app\/backend\/phpunit.xml.dist"],"configurationObject":["object","PHPUnit\\TextUI\\XmlConfiguration\\Configuration"],"stderr":["boolean",false],"columns":["integer",80],"warnings":["array",[]],"debug":["boolean",false],"filter":["boolean",false],"listeners":["array",[["object","Symfony\\Bridge\\PhpUnit\\Legacy\\SymfonyTestsListenerForV7"]]],"backupGlobals":["boolean",false],"backupStaticAttributes":["boolean",false],"beStrictAboutChangesToGlobalState":["boolean",false],"cacheResult":["boolean",true],"colors":["string","auto"],"convertDeprecationsToExceptions":["boolean",false],"convertErrorsToExceptions":["boolean",true],"convertNoticesToExceptions":["boolean",true],"convertWarningsToExceptions":["boolean",true],"processIsolation":["boolean",false],"stopOnDefect":["boolean",false],"stopOnError":["boolean",false],"stopOnFailure":["boolean",false],"stopOnWarning":["boolean",false],"stopOnIncomplete":["boolean",false],"stopOnRisky":["boolean",false],"stopOnSkipped":["boolean",false],"failOnEmptyTestSuite":["boolean",false],"failOnIncomplete":["boolean",false],"failOnRisky":["boolean",false],"failOnSkipped":["boolean",false],"failOnWarning":["boolean",false],"enforceTimeLimit":["boolean",false],"defaultTimeLimit":["integer",1],"timeoutForSmallTests":["integer",1],"timeoutForMediumTests":["integer",10],"timeoutForLargeTests":["integer",60],"reportUselessTests":["boolean",true],"strictCoverage":["boolean",false],"ignoreDeprecatedCodeUnitsFromCodeCoverage":["boolean",false],"disallowTestOutput":["boolean",false],"disallowTodoAnnotatedTests":["boolean",false],"beStrictAboutResourceUsageDuringSmallTests":["boolean",false],"verbose":["boolean",false],"reverseDefectList":["boolean",false],"forceCoversAnnotation":["boolean",false],"disableCodeCoverageIgnore":["boolean",false],"registerMockObjectsFromTestArgumentsRecursively":["boolean",false],"noInteraction":["boolean",false],"executionOrder":["integer",0],"resolveDependencies":["boolean",true],"bootstrap":["string","\/Users\/macbook\/workspace\/immo-app\/backend\/tests\/bootstrap.php"],"executionOrderDefects":["integer",0],"crap4jThreshold":["integer",30],"excludeGroups":["array",[]],"groups":["array",[]],"randomOrderSeed":["integer",1711133859],"repeat":["boolean",false],"reportHighLowerBound":["integer",90],"reportLowUpperBound":["integer",50],"reverseList":["boolean",false],"testdoxExcludeGroups":["array",[]],"testdoxGroups":["array",[]],"cacheResultFile":["string","\/Users\/macbook\/workspace\/immo-app\/backend"]}],["array",[["string","No code coverage driver available"]]],["boolean",true]]},{"namespace":"PHPUnit\\TextUI","short_class":"Command","class":"PHPUnit\\TextUI\\Command","type":"-\u003E","function":"run","file":"\/Users\/macbook\/workspace\/immo-app\/backend\/vendor\/phpunit\/phpunit\/src\/TextUI\/Command.php","line":98,"args":[["array",[["string","vendor\/phpunit\/phpunit\/phpunit"],["string","--coverage-xml"],["string","build\/coverage"],["string","--log-junit"],["string","build\/test\/xunit.xml"]]],["boolean",true]]},{"namespace":"PHPUnit\\TextUI","short_class":"Command","class":"PHPUnit\\TextUI\\Command","type":"::","function":"main","file":"\/Users\/macbook\/workspace\/immo-app\/backend\/vendor\/phpunit\/phpunit\/phpunit","line":107,"args":[]}]}

/Users/macbook/workspace/immo-app/backend/vendor/symfony/framework-bundle/Test/BrowserKitAssertionsTrait.php:148
/Users/macbook/workspace/immo-app/backend/vendor/symfony/framework-bundle/Test/BrowserKitAssertionsTrait.php:33
/Users/macbook/workspace/immo-app/backend/tests/Country/ReadTest.php:56</failure>
        </testcase>
      </testsuite>
    </testsuite>
  </testsuite>
</testsuites>
