<?xml version="1.0" encoding="UTF-8"?>
<testsuites>
  <testsuite name="" tests="8" assertions="13" errors="0" warnings="0" failures="0" skipped="0" time="0.173146">
    <testsuite name="Project Test Suite" tests="8" assertions="13" errors="0" warnings="0" failures="0" skipped="0" time="0.173146">
      <testsuite name="App\Tests\Authentication\AuthenticationEmailTest" file="/Users/macbook/workspace/immo-app/backend/tests/Authentication/AuthenticationEmailTest.php" tests="5" assertions="10" errors="0" warnings="0" failures="0" skipped="0" time="0.154035">
        <testcase name="userShouldAuthenticate" class="App\Tests\Authentication\AuthenticationEmailTest" classname="App.Tests.Authentication.AuthenticationEmailTest" file="/Users/macbook/workspace/immo-app/backend/tests/Authentication/AuthenticationEmailTest.php" line="22" assertions="2" time="0.132131"/>
        <testcase name="userShouldNotAuthenticateWithInvalidFields" class="App\Tests\Authentication\AuthenticationEmailTest" classname="App.Tests.Authentication.AuthenticationEmailTest" file="/Users/macbook/workspace/immo-app/backend/tests/Authentication/AuthenticationEmailTest.php" line="36" assertions="2" time="0.008623"/>
        <testcase name="userShouldNotAuthenticateIfInactive" class="App\Tests\Authentication\AuthenticationEmailTest" classname="App.Tests.Authentication.AuthenticationEmailTest" file="/Users/macbook/workspace/immo-app/backend/tests/Authentication/AuthenticationEmailTest.php" line="53" assertions="2" time="0.003476"/>
        <testcase name="userShouldNotAuthenticateIfInactiveAgency" class="App\Tests\Authentication\AuthenticationEmailTest" classname="App.Tests.Authentication.AuthenticationEmailTest" file="/Users/macbook/workspace/immo-app/backend/tests/Authentication/AuthenticationEmailTest.php" line="69" assertions="2" time="0.004177"/>
        <testcase name="userShouldNotAuthenticateIfPhoneNotValidate" class="App\Tests\Authentication\AuthenticationEmailTest" classname="App.Tests.Authentication.AuthenticationEmailTest" file="/Users/macbook/workspace/immo-app/backend/tests/Authentication/AuthenticationEmailTest.php" line="85" assertions="2" time="0.005628"/>
      </testsuite>
      <testsuite name="App\Tests\Authentication\AuthenticationTest" file="/Users/macbook/workspace/immo-app/backend/tests/Authentication/AuthenticationTest.php" tests="3" assertions="3" errors="0" warnings="0" failures="0" skipped="0" time="0.019111">
        <testcase name="userShouldNotAuthenticateWithNoPhoneNoEmail" class="App\Tests\Authentication\AuthenticationTest" classname="App.Tests.Authentication.AuthenticationTest" file="/Users/macbook/workspace/immo-app/backend/tests/Authentication/AuthenticationTest.php" line="22" assertions="1" time="0.013711"/>
        <testcase name="userShouldNotAuthenticateWithEmailWithoutPassword" class="App\Tests\Authentication\AuthenticationTest" classname="App.Tests.Authentication.AuthenticationTest" file="/Users/macbook/workspace/immo-app/backend/tests/Authentication/AuthenticationTest.php" line="35" assertions="1" time="0.002854"/>
        <testcase name="userShouldNotAuthenticateWithPhoneWithoutPassword" class="App\Tests\Authentication\AuthenticationTest" classname="App.Tests.Authentication.AuthenticationTest" file="/Users/macbook/workspace/immo-app/backend/tests/Authentication/AuthenticationTest.php" line="48" assertions="1" time="0.002547"/>
      </testsuite>
    </testsuite>
  </testsuite>
</testsuites>
